<?xml version="1.0" encoding="UTF-8"?>
<!-- Generated by org.testng.reporters.JUnitReportReporter -->
<testsuite skipped="0" hostname="LAPTOP-PMA0F0N1" name="practise.NewTest" tests="3" failures="0" timestamp="11 May 2018 10:10:53 GMT" time="37.269" errors="0">
  <testcase name="f" time="11.955" classname="practise.NewTest"/>
  <testcase name="f" time="13.329" classname="practise.NewTest"/>
  <testcase name="f" time="11.985" classname="practise.NewTest"/>
</testsuite> <!-- practise.NewTest -->
