<?xml version="1.0" encoding="UTF-8"?>
<!-- Generated by org.testng.reporters.JUnitReportReporter -->
<testsuite skipped="0" hostname="LAPTOP-PMA0F0N1" name="practise.LearningAnnotations" tests="2" failures="0" timestamp="11 May 2018 10:21:02 GMT" time="0.009" errors="0">
  <testcase name="f" time="0.005" classname="practise.LearningAnnotations"/>
  <testcase name="f" time="0.004" classname="practise.LearningAnnotations"/>
</testsuite> <!-- practise.LearningAnnotations -->
