<?xml version="1.0" encoding="UTF-8"?>
<!-- Generated by org.testng.reporters.JUnitReportReporter -->
<testsuite skipped="0" hostname="LAPTOP-PMA0F0N1" name="testcases.RedBus" tests="1" failures="0" timestamp="31 May 2018 12:09:59 GMT" time="28.214" errors="0">
  <testcase name="redbus" time="28.214" classname="testcases.RedBus"/>
</testsuite> <!-- testcases.RedBus -->
